<?xml version="1.0" encoding="UTF-8"?>
<!-- Generated by org.testng.reporters.JUnitReportReporter -->
<testsuite hostname="LAPTOP-3ALU45A8" failures="0" tests="5" name="Teachmint.TC_001" time="39.548" errors="0" timestamp="2024-04-05T15:27:36 IST" skipped="0">
  <testcase classname="Teachmint.TC_001" name="adminstTest" time="0.151"/>
  <system-out/>
  <testcase classname="Teachmint.TC_001" name="loginTest" time="6.386"/>
  <system-out>
Successfully Login  </system-out>
  <testcase classname="Teachmint.TC_001" name="enterDetailsValidateTest" time="9.732"/>
  <system-out>
Document generated successfully  </system-out>
  <testcase classname="Teachmint.TC_001" name="certificateTest" time="12.002"/>
  <system-out/>
  <testcase classname="Teachmint.TC_001" name="selectAccountTest" time="11.277"/>
  <system-out/>
</testsuite> <!-- Teachmint.TC_001 -->
